2023-08-07 17:45:58,355	***	Command:
	main.py --verbosity 20 --output_dir /droidaugmentor/shared/outputs --input_dataset /droidaugmentor/shared/datasets/drebin215_small_64Malwares_64Benign.csv --dense_layer_sizes_g 256 --dense_layer_sizes_d 256 --number_epochs 1000 --training_algorithm Adam

2023-08-07 17:45:58,355	***	Settings:
2023-08-07 17:45:58,355	***		activation_function       : LeakyReLU
2023-08-07 17:45:58,355	***		batch_size                : 32
2023-08-07 17:45:58,355	***		classifier                : ['RandomForest', 'SupportVectorMachine', 'KNN', 'DecisionTree', 'AdaBoost']
2023-08-07 17:45:58,355	***		data_type                 : float32
2023-08-07 17:45:58,355	***		dense_layer_sizes_d       : [[256]]
2023-08-07 17:45:58,355	***		dense_layer_sizes_g       : [[256]]
2023-08-07 17:45:58,355	***		dropout_decay_rate_d      : 0.4
2023-08-07 17:45:58,356	***		dropout_decay_rate_g      : 0.2
2023-08-07 17:45:58,356	***		initializer_deviation     : 0.02
2023-08-07 17:45:58,356	***		initializer_mean          : 0.0
2023-08-07 17:45:58,356	***		input_dataset             : /droidaugmentor/shared/datasets/drebin215_small_64Malwares_64Benign.csv
2023-08-07 17:45:58,356	***		k_fold                    : 5
2023-08-07 17:45:58,356	***		latent_dimension          : 128
2023-08-07 17:45:58,356	***		latent_mean_distribution  : 0.0
2023-08-07 17:45:58,356	***		latent_stander_deviation  : 1.0
2023-08-07 17:45:58,356	***		num_samples_class_benign  : 2000
2023-08-07 17:45:58,356	***		num_samples_class_malware : 2000
2023-08-07 17:45:58,356	***		number_epochs             : 1000
2023-08-07 17:45:58,356	***		output_dir                : /droidaugmentor/shared/outputs
2023-08-07 17:45:58,356	***		path_confusion_matrix     : confusion_matrix
2023-08-07 17:45:58,356	***		path_curve_loss           : training_curve
2023-08-07 17:45:58,356	***		save_models               : True
2023-08-07 17:45:58,356	***		training_algorithm        : Adam
2023-08-07 17:45:58,356	***		verbosity                 : 20
2023-08-07 17:45:58,356	***	
2023-08-07 17:45:58,362	***	Model Architecture
2023-08-07 17:45:58,362	***	  Model Generator
2023-08-07 17:45:58,407	***	  Model Discriminator
2023-08-07 17:45:58,480	***	 Starting training ADVERSARIAL MODEL:

